# JRE version: Java(TM) SE Runtime Environment (8.0_101-b13) (build 1.8.0_101-b13)
# Java VM: Java HotSpot(TM) 64-Bit Server VM (25.101-b13 mixed mode windows-amd64 compressed oops)
Heap:
 PSYoungGen      total 37888K, used 14493K [0x00000000d6100000, 0x00000000d8b00000, 0x0000000100000000)
  eden space 32768K, 28% used [0x00000000d6100000,0x00000000d6a2f738,0x00000000d8100000)
  from space 5120K, 99% used [0x00000000d8600000,0x00000000d8af8040,0x00000000d8b00000)
  to   space 5120K, 0% used [0x00000000d8100000,0x00000000d8100000,0x00000000d8600000)
 ParOldGen       total 56320K, used 21254K [0x0000000082200000, 0x0000000085900000, 0x00000000d6100000)
  object space 56320K, 37% used [0x0000000082200000,0x00000000836c1a40,0x0000000085900000)
 Metaspace       used 26111K, capacity 26381K, committed 26672K, reserved 1073152K
  class space    used 3213K, capacity 3314K, committed 3376K, reserved 1048576K
GC Heap History (10 events):
Event: 3.639 GC heap before
{Heap before GC invocations=1 (full 0):
 PSYoungGen      total 37888K, used 32768K [0x00000000d6100000, 0x00000000d8b00000, 0x0000000100000000)
  eden space 32768K, 100% used [0x00000000d6100000,0x00000000d8100000,0x00000000d8100000)
  from space 5120K, 0% used [0x00000000d8600000,0x00000000d8600000,0x00000000d8b00000)
  to   space 5120K, 0% used [0x00000000d8100000,0x00000000d8100000,0x00000000d8600000)
 ParOldGen       total 86016K, used 0K [0x0000000082200000, 0x0000000087600000, 0x00000000d6100000)
  object space 86016K, 0% used [0x0000000082200000,0x0000000082200000,0x0000000087600000)
 Metaspace       used 16030K, capacity 16207K, committed 16512K, reserved 1062912K
  class space    used 2000K, capacity 2077K, committed 2176K, reserved 1048576K
Event: 3.648 GC heap after
Heap after GC invocations=1 (full 0):
 PSYoungGen      total 37888K, used 4786K [0x00000000d6100000, 0x00000000d8b00000, 0x0000000100000000)
  eden space 32768K, 0% used [0x00000000d6100000,0x00000000d6100000,0x00000000d8100000)
  from space 5120K, 93% used [0x00000000d8100000,0x00000000d85ac8a8,0x00000000d8600000)
  to   space 5120K, 0% used [0x00000000d8600000,0x00000000d8600000,0x00000000d8b00000)
 ParOldGen       total 86016K, used 9970K [0x0000000082200000, 0x0000000087600000, 0x00000000d6100000)
  object space 86016K, 11% used [0x0000000082200000,0x0000000082bbc820,0x0000000087600000)
 Metaspace       used 16030K, capacity 16207K, committed 16512K, reserved 1062912K
  class space    used 2000K, capacity 2077K, committed 2176K, reserved 1048576K
}
Event: 252.114 GC heap before
{Heap before GC invocations=2 (full 0):
 PSYoungGen      total 37888K, used 34320K [0x00000000d6100000, 0x00000000d8b00000, 0x0000000100000000)
  eden space 32768K, 90% used [0x00000000d6100000,0x00000000d7dd7b00,0x00000000d8100000)
  from space 5120K, 93% used [0x00000000d8100000,0x00000000d85ac8a8,0x00000000d8600000)
  to   space 5120K, 0% used [0x00000000d8600000,0x00000000d8600000,0x00000000d8b00000)
 ParOldGen       total 86016K, used 9970K [0x0000000082200000, 0x0000000087600000, 0x00000000d6100000)
  object space 86016K, 11% used [0x0000000082200000,0x0000000082bbc820,0x0000000087600000)
 Metaspace       used 20991K, capacity 21199K, committed 21296K, reserved 1069056K
  class space    used 2513K, capacity 2589K, committed 2608K, reserved 1048576K
Event: 252.126 GC heap after
Heap after GC invocations=2 (full 0):
 PSYoungGen      total 37888K, used 5113K [0x00000000d6100000, 0x00000000d8b00000, 0x0000000100000000)
  eden space 32768K, 0% used [0x00000000d6100000,0x00000000d6100000,0x00000000d8100000)
  from space 5120K, 99% used [0x00000000d8600000,0x00000000d8afe470,0x00000000d8b00000)
  to   space 5120K, 0% used [0x00000000d8100000,0x00000000d8100000,0x00000000d8600000)
 ParOldGen       total 86016K, used 13558K [0x0000000082200000, 0x0000000087600000, 0x00000000d6100000)
  object space 86016K, 15% used [0x0000000082200000,0x0000000082f3dbb0,0x0000000087600000)
 Metaspace       used 20991K, capacity 21199K, committed 21296K, reserved 1069056K
  class space    used 2513K, capacity 2589K, committed 2608K, reserved 1048576K
}
Event: 252.126 GC heap before
{Heap before GC invocations=3 (full 1):
 PSYoungGen      total 37888K, used 5113K [0x00000000d6100000, 0x00000000d8b00000, 0x0000000100000000)
  eden space 32768K, 0% used [0x00000000d6100000,0x00000000d6100000,0x00000000d8100000)
  from space 5120K, 99% used [0x00000000d8600000,0x00000000d8afe470,0x00000000d8b00000)
  to   space 5120K, 0% used [0x00000000d8100000,0x00000000d8100000,0x00000000d8600000)
 ParOldGen       total 86016K, used 13558K [0x0000000082200000, 0x0000000087600000, 0x00000000d6100000)
  object space 86016K, 15% used [0x0000000082200000,0x0000000082f3dbb0,0x0000000087600000)
 Metaspace       used 20991K, capacity 21199K, committed 21296K, reserved 1069056K
  class space    used 2513K, capacity 2589K, committed 2608K, reserved 1048576K
Event: 252.173 GC heap after
Heap after GC invocations=3 (full 1):
 PSYoungGen      total 37888K, used 0K [0x00000000d6100000, 0x00000000d8b00000, 0x0000000100000000)
  eden space 32768K, 0% used [0x00000000d6100000,0x00000000d6100000,0x00000000d8100000)
  from space 5120K, 0% used [0x00000000d8600000,0x00000000d8600000,0x00000000d8b00000)
  to   space 5120K, 0% used [0x00000000d8100000,0x00000000d8100000,0x00000000d8600000)
 ParOldGen       total 56320K, used 11889K [0x0000000082200000, 0x0000000085900000, 0x00000000d6100000)
  object space 56320K, 21% used [0x0000000082200000,0x0000000082d9c6a0,0x0000000085900000)
 Metaspace       used 20991K, capacity 21199K, committed 21296K, reserved 1069056K
  class space    used 2513K, capacity 2589K, committed 2608K, reserved 1048576K
}
Event: 253.132 GC heap before
{Heap before GC invocations=4 (full 1):
 PSYoungGen      total 37888K, used 32768K [0x00000000d6100000, 0x00000000d8b00000, 0x0000000100000000)
  eden space 32768K, 100% used [0x00000000d6100000,0x00000000d8100000,0x00000000d8100000)
  from space 5120K, 0% used [0x00000000d8600000,0x00000000d8600000,0x00000000d8b00000)
  to   space 5120K, 0% used [0x00000000d8100000,0x00000000d8100000,0x00000000d8600000)
 ParOldGen       total 56320K, used 11889K [0x0000000082200000, 0x0000000085900000, 0x00000000d6100000)
  object space 56320K, 21% used [0x0000000082200000,0x0000000082d9c6a0,0x0000000085900000)
 Metaspace       used 23833K, capacity 24119K, committed 24368K, reserved 1071104K
  class space    used 2926K, capacity 3017K, committed 3120K, reserved 1048576K
Event: 253.142 GC heap after
Heap after GC invocations=4 (full 1):
 PSYoungGen      total 37888K, used 5106K [0x00000000d6100000, 0x00000000d8b00000, 0x0000000100000000)
  eden space 32768K, 0% used [0x00000000d6100000,0x00000000d6100000,0x00000000d8100000)
  from space 5120K, 99% used [0x00000000d8100000,0x00000000d85fc840,0x00000000d8600000)
  to   space 5120K, 0% used [0x00000000d8600000,0x00000000d8600000,0x00000000d8b00000)
 ParOldGen       total 56320K, used 15974K [0x0000000082200000, 0x0000000085900000, 0x00000000d6100000)
  object space 56320K, 28% used [0x0000000082200000,0x0000000083199b38,0x0000000085900000)
 Metaspace       used 23833K, capacity 24119K, committed 24368K, reserved 1071104K
  class space    used 2926K, capacity 3017K, committed 3120K, reserved 1048576K
}
Event: 253.930 GC heap before
{Heap before GC invocations=5 (full 1):
 PSYoungGen      total 37888K, used 37874K [0x00000000d6100000, 0x00000000d8b00000, 0x0000000100000000)
  eden space 32768K, 100% used [0x00000000d6100000,0x00000000d8100000,0x00000000d8100000)
  from space 5120K, 99% used [0x00000000d8100000,0x00000000d85fc840,0x00000000d8600000)
  to   space 5120K, 0% used [0x00000000d8600000,0x00000000d8600000,0x00000000d8b00000)
 ParOldGen       total 56320K, used 15974K [0x0000000082200000, 0x0000000085900000, 0x00000000d6100000)
  object space 56320K, 28% used [0x0000000082200000,0x0000000083199b38,0x0000000085900000)
 Metaspace       used 25167K, capacity 25377K, committed 25776K, reserved 1071104K
  class space    used 3086K, capacity 3152K, committed 3248K, reserved 1048576K
Event: 253.942 GC heap after
Heap after GC invocations=5 (full 1):
 PSYoungGen      total 37888K, used 5088K [0x00000000d6100000, 0x00000000d8b00000, 0x0000000100000000)
  eden space 32768K, 0% used [0x00000000d6100000,0x00000000d6100000,0x00000000d8100000)
  from space 5120K, 99% used [0x00000000d8600000,0x00000000d8af8040,0x00000000d8b00000)
  to   space 5120K, 0% used [0x00000000d8100000,0x00000000d8100000,0x00000000d8600000)
 ParOldGen       total 56320K, used 21254K [0x0000000082200000, 0x0000000085900000, 0x00000000d6100000)
  object space 56320K, 37% used [0x0000000082200000,0x00000000836c1a40,0x0000000085900000)
 Metaspace       used 25167K, capacity 25377K, committed 25776K, reserved 1071104K
  class space    used 3086K, capacity 3152K, committed 3248K, reserved 1048576K
}

